error[E0322]: explicit impls for the `Sized` trait are not permitted
  --> $DIR/coherence-impls-sized.rs:17:1
   |
LL | impl Sized for TestE {}
   | ^^^^^^^^^^^^^^^^^^^^ impl of 'Sized' not allowed

error[E0322]: explicit impls for the `Sized` trait are not permitted
  --> $DIR/coherence-impls-sized.rs:22:1
   |
LL | impl Sized for MyType {}
   | ^^^^^^^^^^^^^^^^^^^^^ impl of 'Sized' not allowed

error[E0322]: explicit impls for the `Sized` trait are not permitted
  --> $DIR/coherence-impls-sized.rs:27:1
   |
LL | impl Sized for (MyType, MyType) {}
   | ^^^^^^^^^^^^^^^^^^^^^^^^^^^^^^^ impl of 'Sized' not allowed

error[E0322]: explicit impls for the `Sized` trait are not permitted
  --> $DIR/coherence-impls-sized.rs:34:1
   |
LL | impl Sized for &'static NotSync {}
   | ^^^^^^^^^^^^^^^^^^^^^^^^^^^^^^^ impl of 'Sized' not allowed

error[E0322]: explicit impls for the `Sized` trait are not permitted
  --> $DIR/coherence-impls-sized.rs:39:1
   |
LL | impl Sized for [MyType] {}
   | ^^^^^^^^^^^^^^^^^^^^^^^ impl of 'Sized' not allowed

error[E0322]: explicit impls for the `Sized` trait are not permitted
  --> $DIR/coherence-impls-sized.rs:46:1
   |
LL | impl Sized for &'static [NotSync] {}
   | ^^^^^^^^^^^^^^^^^^^^^^^^^^^^^^^^^ impl of 'Sized' not allowed

error[E0117]: only traits defined in the current crate can be implemented for arbitrary types
  --> $DIR/coherence-impls-sized.rs:27:1
   |
LL | impl Sized for (MyType, MyType) {}
   | ^^^^^^^^^^^^^^^^^^^^^^^^^^^^^^^ impl doesn't use types inside crate
   |
   = note: the impl does not reference any types defined in this crate
   = note: define and implement a trait or new type instead

error[E0117]: only traits defined in the current crate can be implemented for arbitrary types
  --> $DIR/coherence-impls-sized.rs:39:1
   |
LL | impl Sized for [MyType] {}
   | ^^^^^^^^^^^^^^^^^^^^^^^ impl doesn't use types inside crate
   |
   = note: the impl does not reference any types defined in this crate
   = note: define and implement a trait or new type instead

error[E0117]: only traits defined in the current crate can be implemented for arbitrary types
  --> $DIR/coherence-impls-sized.rs:46:1
   |
LL | impl Sized for &'static [NotSync] {}
   | ^^^^^^^^^^^^^^^^^^^^^^^^^^^^^^^^^ impl doesn't use types inside crate
   |
   = note: the impl does not reference any types defined in this crate
   = note: define and implement a trait or new type instead

error: aborting due to 9 previous errors

Some errors occurred: E0117, E0322.
For more information about an error, try `rustc --explain E0117`.
